<?xml version="1.0" encoding="UTF-8"?>
<!-- Generated by org.testng.reporters.JUnitXMLReporter -->
<testsuite ignored="0" hostname="DESKTOP-LP7AJ40" failures="0" tests="3" name="Default test" time="51.108" errors="0" timestamp="2023-06-06T10:41:14 IST">
  <testcase classname="testCaseSpiceJet.Tc_009_BookingPageValidatations" name="checkInvalidation" time="1.909"/>
  <testcase classname="testCaseSpiceJet.Tc_009_BookingPageValidatations" name="flightStatusValidation" time="5.472"/>
  <testcase classname="testCaseSpiceJet.Tc_009_BookingPageValidatations" name="manageBookingValidation" time="4.28"/>
</testsuite> <!-- Default test -->
