<?xml version="1.0" encoding="UTF-8"?>
<!-- Generated by org.testng.reporters.JUnitXMLReporter -->
<testsuite ignored="0" hostname="DESKTOP-LP7AJ40" failures="1" tests="1" name="Test" time="1.934" errors="0" timestamp="2023-06-06T10:39:27 IST">
  <testcase classname="testCaseSpiceJet.Tc_003_SignUp" name="signUp" time="1.858">
    <failure type="org.testng.internal.reflect.MethodMatcherException" message="
[public void testCaseSpiceJet.Tc_003_SignUp.signUp(java.lang.String,java.lang.String,java.lang.String,java.lang.String,java.lang.String,java.lang.String) throws java.lang.InterruptedException] has no parameters defined but was found to be using a data provider (either explicitly specified or inherited from class level annotation).
Data provider mismatch
Method: signUp([Parameter{index=0, type=java.lang.String, declaredAnnotations=[]}, Parameter{index=1, type=java.lang.String, declaredAnnotations=[]}, Parameter{index=2, type=java.lang.String, declaredAnnotations=[]}, Parameter{index=3, type=java.lang.String, declaredAnnotations=[]}, Parameter{index=4, type=java.lang.String, declaredAnnotations=[]}, Parameter{index=5, type=java.lang.String, declaredAnnotations=[]}])
Arguments: [(java.lang.String) ummadi,(java.lang.String) sindhuja,(java.lang.String) 23-Oct-1994,(java.lang.String) 8.522098804E9,(java.lang.String) ummadimails.ummadisindhuja@gmail.com,(java.lang.String) SpiceJet@123,(java.lang.String) SpiceJet@123]">
      <![CDATA[org.testng.internal.reflect.MethodMatcherException: 
[public void testCaseSpiceJet.Tc_003_SignUp.signUp(java.lang.String,java.lang.String,java.lang.String,java.lang.String,java.lang.String,java.lang.String) throws java.lang.InterruptedException] has no parameters defined but was found to be using a data provider (either explicitly specified or inherited from class level annotation).
Data provider mismatch
Method: signUp([Parameter{index=0, type=java.lang.String, declaredAnnotations=[]}, Parameter{index=1, type=java.lang.String, declaredAnnotations=[]}, Parameter{index=2, type=java.lang.String, declaredAnnotations=[]}, Parameter{index=3, type=java.lang.String, declaredAnnotations=[]}, Parameter{index=4, type=java.lang.String, declaredAnnotations=[]}, Parameter{index=5, type=java.lang.String, declaredAnnotations=[]}])
Arguments: [(java.lang.String) ummadi,(java.lang.String) sindhuja,(java.lang.String) 23-Oct-1994,(java.lang.String) 8.522098804E9,(java.lang.String) ummadimails.ummadisindhuja@gmail.com,(java.lang.String) SpiceJet@123,(java.lang.String) SpiceJet@123]
at java.base/java.util.ArrayList.forEach(ArrayList.java:1511)
... Removed 22 stack frames]]>
    </failure>
  </testcase> <!-- signUp -->
</testsuite> <!-- Test -->
